Performing C SOURCE FILE Test CMAKE_HAVE_LIBC_PTHREAD failed with the following output:
Change Dir: /opt/.conan/data/spdlog/1.10.0/_/_/build/68fd80141bdda8b2f995cfe57b758554e689de51/CMakeFiles/CMakeTmp

Run Build Command(s):/usr/bin/make -f Makefile cmTC_ac102/fast && /usr/bin/make  -f CMakeFiles/cmTC_ac102.dir/build.make CMakeFiles/cmTC_ac102.dir/build
make[1]: Entering directory '/opt/.conan/data/spdlog/1.10.0/_/_/build/68fd80141bdda8b2f995cfe57b758554e689de51/CMakeFiles/CMakeTmp'
Building C object CMakeFiles/cmTC_ac102.dir/src.c.o
/usr/bin/cc -DCMAKE_HAVE_LIBC_PTHREAD  -m64  -o CMakeFiles/cmTC_ac102.dir/src.c.o -c /opt/.conan/data/spdlog/1.10.0/_/_/build/68fd80141bdda8b2f995cfe57b758554e689de51/CMakeFiles/CMakeTmp/src.c
Linking C executable cmTC_ac102
/usr/local/lib/python3.8/dist-packages/cmake/data/bin/cmake -E cmake_link_script CMakeFiles/cmTC_ac102.dir/link.txt --verbose=1
/usr/bin/cc   -m64  CMakeFiles/cmTC_ac102.dir/src.c.o -o cmTC_ac102 
/usr/bin/ld: CMakeFiles/cmTC_ac102.dir/src.c.o: in function `main':
src.c:(.text+0x46): undefined reference to `pthread_create'
/usr/bin/ld: src.c:(.text+0x52): undefined reference to `pthread_detach'
/usr/bin/ld: src.c:(.text+0x5e): undefined reference to `pthread_cancel'
/usr/bin/ld: src.c:(.text+0x6f): undefined reference to `pthread_join'
collect2: error: ld returned 1 exit status
make[1]: *** [CMakeFiles/cmTC_ac102.dir/build.make:99: cmTC_ac102] Error 1
make[1]: Leaving directory '/opt/.conan/data/spdlog/1.10.0/_/_/build/68fd80141bdda8b2f995cfe57b758554e689de51/CMakeFiles/CMakeTmp'
make: *** [Makefile:127: cmTC_ac102/fast] Error 2


Source file was:
#include <pthread.h>

static void* test_func(void* data)
{
  return data;
}

int main(void)
{
  pthread_t thread;
  pthread_create(&thread, NULL, test_func, NULL);
  pthread_detach(thread);
  pthread_cancel(thread);
  pthread_join(thread, NULL);
  pthread_atfork(NULL, NULL, NULL);
  pthread_exit(NULL);

  return 0;
}

Determining if the function pthread_create exists in the pthreads failed with the following output:
Change Dir: /opt/.conan/data/spdlog/1.10.0/_/_/build/68fd80141bdda8b2f995cfe57b758554e689de51/CMakeFiles/CMakeTmp

Run Build Command(s):/usr/bin/make -f Makefile cmTC_b3f5e/fast && /usr/bin/make  -f CMakeFiles/cmTC_b3f5e.dir/build.make CMakeFiles/cmTC_b3f5e.dir/build
make[1]: Entering directory '/opt/.conan/data/spdlog/1.10.0/_/_/build/68fd80141bdda8b2f995cfe57b758554e689de51/CMakeFiles/CMakeTmp'
Building C object CMakeFiles/cmTC_b3f5e.dir/CheckFunctionExists.c.o
/usr/bin/cc   -m64 -DCHECK_FUNCTION_EXISTS=pthread_create -o CMakeFiles/cmTC_b3f5e.dir/CheckFunctionExists.c.o -c /usr/local/lib/python3.8/dist-packages/cmake/data/share/cmake-3.22/Modules/CheckFunctionExists.c
Linking C executable cmTC_b3f5e
/usr/local/lib/python3.8/dist-packages/cmake/data/bin/cmake -E cmake_link_script CMakeFiles/cmTC_b3f5e.dir/link.txt --verbose=1
/usr/bin/cc   -m64 -DCHECK_FUNCTION_EXISTS=pthread_create CMakeFiles/cmTC_b3f5e.dir/CheckFunctionExists.c.o -o cmTC_b3f5e  -lpthreads 
/usr/bin/ld: cannot find -lpthreads
collect2: error: ld returned 1 exit status
make[1]: *** [CMakeFiles/cmTC_b3f5e.dir/build.make:99: cmTC_b3f5e] Error 1
make[1]: Leaving directory '/opt/.conan/data/spdlog/1.10.0/_/_/build/68fd80141bdda8b2f995cfe57b758554e689de51/CMakeFiles/CMakeTmp'
make: *** [Makefile:127: cmTC_b3f5e/fast] Error 2



